==================================
Automated Update: 2025-10-23 18:52:28 UTC
Workflow: Daily Repository Update - DevSync
Run Number: 1
Repository: tveshas/devsync-automation
==================================

==================================
Automated Update: 2025-10-23 18:54:17 UTC
Workflow: Daily Repository Update - DevSync
Run Number: 2
Repository: tveshas/devsync-automation
==================================

==================================
Automated Update: 2025-10-24 10:46:15 UTC
Workflow: Daily Repository Update - DevSync
Run Number: 4
Repository: tveshas/devsync-automation
==================================

==================================
Automated Update: 2025-10-25 10:41:37 UTC
Workflow: Daily Repository Update - DevSync
Run Number: 5
Repository: tveshas/devsync-automation
==================================

==================================
Automated Update: 2025-10-26 10:41:38 UTC
Workflow: Daily Repository Update - DevSync
Run Number: 6
Repository: tveshas/devsync-automation
==================================

==================================
Automated Update: 2025-10-27 10:47:32 UTC
Workflow: Daily Repository Update - DevSync
Run Number: 7
Repository: tveshas/devsync-automation
==================================

==================================
Automated Update: 2025-10-28 10:47:26 UTC
Workflow: Daily Repository Update - DevSync
Run Number: 8
Repository: tveshas/devsync-automation
==================================

