==================================
Automated Update: 2025-11-01 10:41:54 UTC
Workflow: Daily Repository Update - DevSync
Run Number: 12
Repository: tveshas/devsync-automation
==================================

==================================
Automated Update: 2025-11-02 10:41:13 UTC
Workflow: Daily Repository Update - DevSync
Run Number: 13
Repository: tveshas/devsync-automation
==================================

==================================
Automated Update: 2025-11-03 10:47:49 UTC
Workflow: Daily Repository Update - DevSync
Run Number: 14
Repository: tveshas/devsync-automation
==================================

==================================
Automated Update: 2025-11-04 10:48:43 UTC
Workflow: Daily Repository Update - DevSync
Run Number: 15
Repository: tveshas/devsync-automation
==================================

