==================================
Automated Update: 2025-12-01 10:49:40 UTC
Workflow: Daily Repository Update - DevSync
Run Number: 42
Repository: tveshas/devsync-automation
==================================

==================================
Automated Update: 2025-12-02 10:49:25 UTC
Workflow: Daily Repository Update - DevSync
Run Number: 43
Repository: tveshas/devsync-automation
==================================

==================================
Automated Update: 2025-12-03 10:50:27 UTC
Workflow: Daily Repository Update - DevSync
Run Number: 44
Repository: tveshas/devsync-automation
==================================

==================================
Automated Update: 2025-12-04 10:49:59 UTC
Workflow: Daily Repository Update - DevSync
Run Number: 45
Repository: tveshas/devsync-automation
==================================

==================================
Automated Update: 2025-12-05 10:47:24 UTC
Workflow: Daily Repository Update - DevSync
Run Number: 46
Repository: tveshas/devsync-automation
==================================

==================================
Automated Update: 2025-12-06 10:43:32 UTC
Workflow: Daily Repository Update - DevSync
Run Number: 47
Repository: tveshas/devsync-automation
==================================

==================================
Automated Update: 2025-12-07 10:42:04 UTC
Workflow: Daily Repository Update - DevSync
Run Number: 48
Repository: tveshas/devsync-automation
==================================

==================================
Automated Update: 2025-12-08 10:50:01 UTC
Workflow: Daily Repository Update - DevSync
Run Number: 49
Repository: tveshas/devsync-automation
==================================

==================================
Automated Update: 2025-12-09 10:49:41 UTC
Workflow: Daily Repository Update - DevSync
Run Number: 50
Repository: tveshas/devsync-automation
==================================

==================================
Automated Update: 2025-12-10 10:51:31 UTC
Workflow: Daily Repository Update - DevSync
Run Number: 51
Repository: tveshas/devsync-automation
==================================

